# JRE version: OpenJDK Runtime Environment (21.0.5) (build 21.0.5+-13047016-b750.29)
# Java VM: OpenJDK 64-Bit Server VM (21.0.5+-13047016-b750.29, mixed mode, tiered, compressed oops, compressed class ptrs, g1 gc, windows-amd64)
GC Precious Log:
 CardTable entry size: 512
 Card Set container configuration: InlinePtr #cards 5 size 8 Array Of Cards #cards 12 size 40 Howl #buckets 4 coarsen threshold 1843 Howl Bitmap #cards 512 size 80 coarsen threshold 460 Card regions per heap region 1 cards per card region 2048
 CPUs: 8 total, 8 available
 Memory: 32495M
 Large Page Support: Disabled
 NUMA Support: Disabled
 Compressed Oops: Enabled (32-bit)
 Heap Region Size: 1M
 Heap Min Capacity: 8M
 Heap Initial Capacity: 508M
 Heap Max Capacity: 2G
 Pre-touch: Disabled
 Parallel Workers: 8
 Concurrent Workers: 2
 Concurrent Refinement Workers: 8
 Periodic GC: Disabled
Heap:
 garbage-first heap   total 413696K, used 308527K [0x0000000080000000, 0x0000000100000000)
  region size 1024K, 69 young (70656K), 15 survivors (15360K)
 Metaspace       used 205637K, committed 208704K, reserved 1245184K
  class space    used 26032K, committed 27584K, reserved 1048576K
GC Heap History (20 events):
Event: 32.422 GC heap before
{Heap before GC invocations=48 (full 0):
 garbage-first heap   total 316416K, used 272747K [0x0000000080000000, 0x0000000100000000)
  region size 1024K, 88 young (90112K), 5 survivors (5120K)
 Metaspace       used 171613K, committed 174400K, reserved 1245184K
  class space    used 22058K, committed 23424K, reserved 1048576K
}
Event: 32.430 GC heap after
{Heap after GC invocations=49 (full 0):
 garbage-first heap   total 316416K, used 197517K [0x0000000080000000, 0x0000000100000000)
  region size 1024K, 11 young (11264K), 11 survivors (11264K)
 Metaspace       used 171613K, committed 174400K, reserved 1245184K
  class space    used 22058K, committed 23424K, reserved 1048576K
}
Event: 33.276 GC heap before
{Heap before GC invocations=49 (full 0):
 garbage-first heap   total 316416K, used 282509K [0x0000000080000000, 0x0000000100000000)
  region size 1024K, 94 young (96256K), 11 survivors (11264K)
 Metaspace       used 171618K, committed 174400K, reserved 1245184K
  class space    used 22058K, committed 23424K, reserved 1048576K
}
Event: 33.287 GC heap after
{Heap after GC invocations=50 (full 0):
 garbage-first heap   total 316416K, used 192420K [0x0000000080000000, 0x0000000100000000)
  region size 1024K, 6 young (6144K), 6 survivors (6144K)
 Metaspace       used 171618K, committed 174400K, reserved 1245184K
  class space    used 22058K, committed 23424K, reserved 1048576K
}
Event: 34.635 GC heap before
{Heap before GC invocations=50 (full 0):
 garbage-first heap   total 316416K, used 251812K [0x0000000080000000, 0x0000000100000000)
  region size 1024K, 66 young (67584K), 6 survivors (6144K)
 Metaspace       used 172556K, committed 175360K, reserved 1245184K
  class space    used 22142K, committed 23488K, reserved 1048576K
}
Event: 34.641 GC heap after
{Heap after GC invocations=51 (full 0):
 garbage-first heap   total 316416K, used 196282K [0x0000000080000000, 0x0000000100000000)
  region size 1024K, 10 young (10240K), 10 survivors (10240K)
 Metaspace       used 172556K, committed 175360K, reserved 1245184K
  class space    used 22142K, committed 23488K, reserved 1048576K
}
Event: 36.388 GC heap before
{Heap before GC invocations=52 (full 0):
 garbage-first heap   total 331776K, used 285370K [0x0000000080000000, 0x0000000100000000)
  region size 1024K, 95 young (97280K), 10 survivors (10240K)
 Metaspace       used 182396K, committed 185152K, reserved 1245184K
  class space    used 23387K, committed 24768K, reserved 1048576K
}
Event: 36.402 GC heap after
{Heap after GC invocations=53 (full 0):
 garbage-first heap   total 331776K, used 199335K [0x0000000080000000, 0x0000000100000000)
  region size 1024K, 9 young (9216K), 9 survivors (9216K)
 Metaspace       used 182396K, committed 185152K, reserved 1245184K
  class space    used 23387K, committed 24768K, reserved 1048576K
}
Event: 37.862 GC heap before
{Heap before GC invocations=53 (full 0):
 garbage-first heap   total 331776K, used 299687K [0x0000000080000000, 0x0000000100000000)
  region size 1024K, 103 young (105472K), 9 survivors (9216K)
 Metaspace       used 186554K, committed 189376K, reserved 1245184K
  class space    used 23800K, committed 25216K, reserved 1048576K
}
Event: 37.876 GC heap after
{Heap after GC invocations=54 (full 0):
 garbage-first heap   total 331776K, used 202523K [0x0000000080000000, 0x0000000100000000)
  region size 1024K, 13 young (13312K), 13 survivors (13312K)
 Metaspace       used 186554K, committed 189376K, reserved 1245184K
  class space    used 23800K, committed 25216K, reserved 1048576K
}
Event: 487.330 GC heap before
{Heap before GC invocations=54 (full 0):
 garbage-first heap   total 331776K, used 298779K [0x0000000080000000, 0x0000000100000000)
  region size 1024K, 108 young (110592K), 13 survivors (13312K)
 Metaspace       used 190915K, committed 193920K, reserved 1245184K
  class space    used 24377K, committed 25856K, reserved 1048576K
}
Event: 487.345 GC heap after
{Heap after GC invocations=55 (full 0):
 garbage-first heap   total 331776K, used 207729K [0x0000000080000000, 0x0000000100000000)
  region size 1024K, 6 young (6144K), 6 survivors (6144K)
 Metaspace       used 190915K, committed 193920K, reserved 1245184K
  class space    used 24377K, committed 25856K, reserved 1048576K
}
Event: 488.370 GC heap before
{Heap before GC invocations=55 (full 0):
 garbage-first heap   total 331776K, used 262001K [0x0000000080000000, 0x0000000100000000)
  region size 1024K, 61 young (62464K), 6 survivors (6144K)
 Metaspace       used 192691K, committed 195712K, reserved 1245184K
  class space    used 24542K, committed 26048K, reserved 1048576K
}
Event: 488.381 GC heap after
{Heap after GC invocations=56 (full 0):
 garbage-first heap   total 331776K, used 213197K [0x0000000080000000, 0x0000000100000000)
  region size 1024K, 11 young (11264K), 11 survivors (11264K)
 Metaspace       used 192691K, committed 195712K, reserved 1245184K
  class space    used 24542K, committed 26048K, reserved 1048576K
}
Event: 491.302 GC heap before
{Heap before GC invocations=57 (full 0):
 garbage-first heap   total 360448K, used 301261K [0x0000000080000000, 0x0000000100000000)
  region size 1024K, 96 young (98304K), 11 survivors (11264K)
 Metaspace       used 199415K, committed 202368K, reserved 1245184K
  class space    used 25233K, committed 26752K, reserved 1048576K
}
Event: 491.316 GC heap after
{Heap after GC invocations=58 (full 0):
 garbage-first heap   total 360448K, used 219753K [0x0000000080000000, 0x0000000100000000)
  region size 1024K, 12 young (12288K), 12 survivors (12288K)
 Metaspace       used 199415K, committed 202368K, reserved 1245184K
  class space    used 25233K, committed 26752K, reserved 1048576K
}
Event: 1175.224 GC heap before
{Heap before GC invocations=58 (full 0):
 garbage-first heap   total 360448K, used 327273K [0x0000000080000000, 0x0000000100000000)
  region size 1024K, 118 young (120832K), 12 survivors (12288K)
 Metaspace       used 201587K, committed 204672K, reserved 1245184K
  class space    used 25524K, committed 27072K, reserved 1048576K
}
Event: 1175.239 GC heap after
{Heap after GC invocations=59 (full 0):
 garbage-first heap   total 360448K, used 223437K [0x0000000080000000, 0x0000000100000000)
  region size 1024K, 14 young (14336K), 14 survivors (14336K)
 Metaspace       used 201587K, committed 204672K, reserved 1245184K
  class space    used 25524K, committed 27072K, reserved 1048576K
}
Event: 1177.132 GC heap before
{Heap before GC invocations=59 (full 0):
 garbage-first heap   total 360448K, used 308429K [0x0000000080000000, 0x0000000100000000)
  region size 1024K, 99 young (101376K), 14 survivors (14336K)
 Metaspace       used 205084K, committed 208128K, reserved 1245184K
  class space    used 25985K, committed 27520K, reserved 1048576K
}
Event: 1177.147 GC heap after
{Heap after GC invocations=60 (full 0):
 garbage-first heap   total 360448K, used 237871K [0x0000000080000000, 0x0000000100000000)
  region size 1024K, 15 young (15360K), 15 survivors (15360K)
 Metaspace       used 205084K, committed 208128K, reserved 1245184K
  class space    used 25985K, committed 27520K, reserved 1048576K
}

